<?xml version="1.0" encoding="UTF-8"?>
<!-- Generated by org.testng.reporters.JUnitReportReporter -->
<testsuite hostname="DESKTOP-6QB07EQ" name="captureScreenshot.FacebookScreenshot" tests="1" failures="0" timestamp="16 Aug 2018 07:02:26 GMT" time="56.929" errors="0">
  <testcase name="captureScreenshot" time="56.929" classname="captureScreenshot.FacebookScreenshot"/>
</testsuite> <!-- captureScreenshot.FacebookScreenshot -->
